/bin/bash: /Users/dasfef/Desktop/PJ_auto_git/auto_git.sh: Operation not permitted
/bin/bash: /Users/dasfef/Desktop/PJ_auto_git/auto_git.sh: Operation not permitted
/bin/bash: /Users/dasfef/Desktop/PJ_auto_git/auto_git.sh: Operation not permitted
[ Auto git push START! ]

摩斧作針
PRESENTED BY _CYW_
2024-02-09-23:02:00
/Users/dasfef/Desktop/PJ_auto_git/auto_git.sh: line 18: ddiff: command not found
fatal: not a git repository (or any of the parent directories): .git
fatal: not a git repository (or any of the parent directories): .git
fatal: not a git repository (or any of the parent directories): .git
[ Auto git push START! ]

摩斧作針
PRESENTED BY _CYW_
2024-02-09-23:03:00
/Users/dasfef/Desktop/PJ_auto_git/auto_git.sh: line 18: ddiff: command not found
fatal: not a git repository (or any of the parent directories): .git
fatal: not a git repository (or any of the parent directories): .git
fatal: not a git repository (or any of the parent directories): .git
[ Auto git push START! ]

摩斧作針
PRESENTED BY _CYW_
2024-02-09-23:04:00
/Users/dasfef/Desktop/PJ_auto_git/auto_git.sh: line 18: ddiff: command not found
/Users/dasfef/Desktop/PJ_auto_git/auto_git.sh: line 28: 008: value too great for base (error token is "008")
fatal: not a git repository (or any of the parent directories): .git
fatal: not a git repository (or any of the parent directories): .git
fatal: not a git repository (or any of the parent directories): .git
[ Auto git push START! ]

摩斧作針
PRESENTED BY _CYW_
2024-02-09-23:05:00
/Users/dasfef/Desktop/PJ_auto_git/auto_git.sh: line 18: ddiff: command not found
/Users/dasfef/Desktop/PJ_auto_git/auto_git.sh: line 28: 008: value too great for base (error token is "008")
fatal: not a git repository (or any of the parent directories): .git
fatal: not a git repository (or any of the parent directories): .git
fatal: not a git repository (or any of the parent directories): .git
[ Auto git push START! ]

摩斧作針
PRESENTED BY _CYW_
2024-02-09-23:06:00
/Users/dasfef/Desktop/PJ_auto_git/auto_git.sh: line 18: ddiff: command not found
/Users/dasfef/Desktop/PJ_auto_git/auto_git.sh: line 28: 008: value too great for base (error token is "008")
fatal: not a git repository (or any of the parent directories): .git
fatal: not a git repository (or any of the parent directories): .git
fatal: not a git repository (or any of the parent directories): .git
[ Auto git push START! ]

摩斧作針
PRESENTED BY _CYW_
2024-02-09-23:07:00
/Users/dasfef/Desktop/PJ_auto_git/auto_git.sh: line 18: ddiff: command not found
/Users/dasfef/Desktop/PJ_auto_git/auto_git.sh: line 28: 008: value too great for base (error token is "008")
fatal: not a git repository (or any of the parent directories): .git
fatal: not a git repository (or any of the parent directories): .git
fatal: not a git repository (or any of the parent directories): .git
[ Auto git push START! ]

摩斧作針
PRESENTED BY _CYW_
2024-02-09-23:08:00
/Users/dasfef/Desktop/PJ_auto_git/auto_git.sh: line 18: ddiff: command not found
/Users/dasfef/Desktop/PJ_auto_git/auto_git.sh: line 28: 008: value too great for base (error token is "008")
fatal: not a git repository (or any of the parent directories): .git
fatal: not a git repository (or any of the parent directories): .git
fatal: not a git repository (or any of the parent directories): .git
[ Auto git push START! ]

摩斧作針
PRESENTED BY _CYW_
2024-02-09-23:09:00
/Users/dasfef/Desktop/PJ_auto_git/auto_git.sh: line 18: ddiff: command not found
/Users/dasfef/Desktop/PJ_auto_git/auto_git.sh: line 28: 008: value too great for base (error token is "008")
fatal: not a git repository (or any of the parent directories): .git
fatal: not a git repository (or any of the parent directories): .git
fatal: not a git repository (or any of the parent directories): .git
[ Auto git push START! ]

摩斧作針
PRESENTED BY _CYW_
2024-02-09-23:10:00
/Users/dasfef/Desktop/PJ_auto_git/auto_git.sh: line 18: ddiff: command not found
/Users/dasfef/Desktop/PJ_auto_git/auto_git.sh: line 28: 008: value too great for base (error token is "008")
fatal: not a git repository (or any of the parent directories): .git
fatal: not a git repository (or any of the parent directories): .git
fatal: not a git repository (or any of the parent directories): .git
[ Auto git push START! ]

摩斧作針
PRESENTED BY _CYW_
/Users/dasfef/Desktop/PJ_auto_git/auto_git.sh: line 14: date: command not found

/Users/dasfef/Desktop/PJ_auto_git/auto_git.sh: line 17: date: command not found
/Users/dasfef/Desktop/PJ_auto_git/auto_git.sh: line 18: ddiff: command not found
/Users/dasfef/Desktop/PJ_auto_git/auto_git.sh: line 20: date: command not found
/Users/dasfef/Desktop/PJ_auto_git/auto_git.sh: line 27: tail: command not found
/Users/dasfef/Desktop/PJ_auto_git/auto_git.sh: line 27: grep: command not found
/Users/dasfef/Desktop/PJ_auto_git/auto_git.sh: line 37: git: command not found
/Users/dasfef/Desktop/PJ_auto_git/auto_git.sh: line 39: tail: command not found
/Users/dasfef/Desktop/PJ_auto_git/auto_git.sh: line 39: tail: command not found
/Users/dasfef/Desktop/PJ_auto_git/auto_git.sh: line 39: grep: command not found
/Users/dasfef/Desktop/PJ_auto_git/auto_git.sh: line 39: tail: command not found
/Users/dasfef/Desktop/PJ_auto_git/auto_git.sh: line 39: git: command not found
/Users/dasfef/Desktop/PJ_auto_git/auto_git.sh: line 41: git: command not found
[ Auto git push START! ]

摩斧作針
PRESENTED BY _CYW_
/Users/dasfef/Desktop/PJ_auto_git/auto_git.sh: line 14: date: command not found

/Users/dasfef/Desktop/PJ_auto_git/auto_git.sh: line 17: date: command not found
/Users/dasfef/Desktop/PJ_auto_git/auto_git.sh: line 18: ddiff: command not found
/Users/dasfef/Desktop/PJ_auto_git/auto_git.sh: line 20: date: command not found
/Users/dasfef/Desktop/PJ_auto_git/auto_git.sh: line 27: tail: command not found
/Users/dasfef/Desktop/PJ_auto_git/auto_git.sh: line 27: grep: command not found
/Users/dasfef/Desktop/PJ_auto_git/auto_git.sh: line 37: git: command not found
/Users/dasfef/Desktop/PJ_auto_git/auto_git.sh: line 39: tail: command not found
/Users/dasfef/Desktop/PJ_auto_git/auto_git.sh: line 39: tail: command not found
/Users/dasfef/Desktop/PJ_auto_git/auto_git.sh: line 39: grep: command not found
/Users/dasfef/Desktop/PJ_auto_git/auto_git.sh: line 39: tail: command not found
/Users/dasfef/Desktop/PJ_auto_git/auto_git.sh: line 39: git: command not found
/Users/dasfef/Desktop/PJ_auto_git/auto_git.sh: line 41: git: command not found
[ Auto git push START! ]

摩斧作針
PRESENTED BY _CYW_
/Users/dasfef/Desktop/PJ_auto_git/auto_git.sh: line 14: date: command not found

/Users/dasfef/Desktop/PJ_auto_git/auto_git.sh: line 17: date: command not found
/Users/dasfef/Desktop/PJ_auto_git/auto_git.sh: line 18: ddiff: command not found
/Users/dasfef/Desktop/PJ_auto_git/auto_git.sh: line 20: date: command not found
/Users/dasfef/Desktop/PJ_auto_git/auto_git.sh: line 27: tail: command not found
/Users/dasfef/Desktop/PJ_auto_git/auto_git.sh: line 27: grep: command not found
/Users/dasfef/Desktop/PJ_auto_git/auto_git.sh: line 37: git: command not found
/Users/dasfef/Desktop/PJ_auto_git/auto_git.sh: line 39: tail: command not found
/Users/dasfef/Desktop/PJ_auto_git/auto_git.sh: line 39: tail: command not found
/Users/dasfef/Desktop/PJ_auto_git/auto_git.sh: line 39: grep: command not found
/Users/dasfef/Desktop/PJ_auto_git/auto_git.sh: line 39: tail: command not found
/Users/dasfef/Desktop/PJ_auto_git/auto_git.sh: line 39: git: command not found
/Users/dasfef/Desktop/PJ_auto_git/auto_git.sh: line 41: git: command not found
[ Auto git push START! ]

摩斧作針
PRESENTED BY _CYW_
2024-02-09-23:44:01
/Users/dasfef/Desktop/PJ_auto_git/auto_git.sh: line 18: ddiff: command not found
fatal: not a git repository (or any of the parent directories): .git
fatal: not a git repository (or any of the parent directories): .git
fatal: not a git repository (or any of the parent directories): .git
[ Auto git push START! ]

摩斧作針
PRESENTED BY _CYW_
2024-02-09-23:45:00
/Users/dasfef/Desktop/PJ_auto_git/auto_git.sh: line 18: ddiff: command not found
fatal: not a git repository (or any of the parent directories): .git
fatal: not a git repository (or any of the parent directories): .git
fatal: not a git repository (or any of the parent directories): .git
[ Auto git push START! ]

摩斧作針
PRESENTED BY _CYW_
2024-02-09-23:46:00
/Users/dasfef/Desktop/PJ_auto_git/auto_git.sh: line 18: ddiff: command not found
fatal: not a git repository (or any of the parent directories): .git
fatal: not a git repository (or any of the parent directories): .git
fatal: not a git repository (or any of the parent directories): .git
[ Auto git push START! ]

摩斧作針
PRESENTED BY _CYW_
2024-02-09-23:47:00
/Users/dasfef/Desktop/PJ_auto_git/auto_git.sh: line 18: ddiff: command not found
fatal: not a git repository (or any of the parent directories): .git
fatal: not a git repository (or any of the parent directories): .git
fatal: not a git repository (or any of the parent directories): .git
[ Auto git push START! ]

摩斧作針
PRESENTED BY _CYW_
2024-02-09-23:48:00
/Users/dasfef/Desktop/PJ_auto_git/auto_git.sh: line 18: ddiff: command not found
fatal: not a git repository (or any of the parent directories): .git
fatal: not a git repository (or any of the parent directories): .git
fatal: not a git repository (or any of the parent directories): .git
[ Auto git push START! ]

摩斧作針
PRESENTED BY _CYW_
2024-02-09-23:49:00
/Users/dasfef/Desktop/PJ_auto_git/auto_git.sh: line 18: ddiff: command not found
fatal: not a git repository (or any of the parent directories): .git
fatal: not a git repository (or any of the parent directories): .git
fatal: not a git repository (or any of the parent directories): .git
[ Auto git push START! ]

摩斧作針
PRESENTED BY _CYW_
2024-02-09-23:50:00
/Users/dasfef/Desktop/PJ_auto_git/auto_git.sh: line 18: ddiff: command not found
fatal: not a git repository (or any of the parent directories): .git
fatal: not a git repository (or any of the parent directories): .git
fatal: not a git repository (or any of the parent directories): .git
[ Auto git push START! ]

摩斧作針
PRESENTED BY _CYW_
2024-02-09-23:51:00
/Users/dasfef/Desktop/PJ_auto_git/auto_git.sh: line 18: ddiff: command not found
/Users/dasfef/Desktop/PJ_auto_git/auto_git.sh: line 28: 008: value too great for base (error token is "008")
fatal: not a git repository (or any of the parent directories): .git
fatal: not a git repository (or any of the parent directories): .git
fatal: not a git repository (or any of the parent directories): .git
[ Auto git push START! ]

摩斧作針
PRESENTED BY _CYW_
2024-02-09-23:52:00
/Users/dasfef/Desktop/PJ_auto_git/auto_git.sh: line 18: ddiff: command not found
/Users/dasfef/Desktop/PJ_auto_git/auto_git.sh: line 28: 008: value too great for base (error token is "008")
fatal: not a git repository (or any of the parent directories): .git
fatal: not a git repository (or any of the parent directories): .git
fatal: not a git repository (or any of the parent directories): .git
[ Auto git push START! ]

摩斧作針
PRESENTED BY _CYW_
2024-02-09-23:53:00
/Users/dasfef/Desktop/PJ_auto_git/auto_git.sh: line 18: ddiff: command not found
/Users/dasfef/Desktop/PJ_auto_git/auto_git.sh: line 28: 008: value too great for base (error token is "008")
fatal: not a git repository (or any of the parent directories): .git
fatal: not a git repository (or any of the parent directories): .git
fatal: not a git repository (or any of the parent directories): .git
[ Auto git push START! ]

摩斧作針
PRESENTED BY _CYW_
2024-02-09-23:54:00
/Users/dasfef/Desktop/PJ_auto_git/auto_git.sh: line 18: ddiff: command not found
/Users/dasfef/Desktop/PJ_auto_git/auto_git.sh: line 28: 008: value too great for base (error token is "008")
fatal: not a git repository (or any of the parent directories): .git
fatal: not a git repository (or any of the parent directories): .git
fatal: not a git repository (or any of the parent directories): .git
[ Auto git push START! ]

摩斧作針
PRESENTED BY _CYW_
2024-02-09-23:55:00
/Users/dasfef/Desktop/PJ_auto_git/auto_git.sh: line 18: ddiff: command not found
/Users/dasfef/Desktop/PJ_auto_git/auto_git.sh: line 28: 008: value too great for base (error token is "008")
fatal: not a git repository (or any of the parent directories): .git
fatal: not a git repository (or any of the parent directories): .git
fatal: not a git repository (or any of the parent directories): .git
[ Auto git push START! ]

摩斧作針
PRESENTED BY _CYW_
2024-02-09-23:56:00
/Users/dasfef/Desktop/PJ_auto_git/auto_git.sh: line 18: ddiff: command not found
/Users/dasfef/Desktop/PJ_auto_git/auto_git.sh: line 28: 008: value too great for base (error token is "008")
fatal: not a git repository (or any of the parent directories): .git
fatal: not a git repository (or any of the parent directories): .git
fatal: not a git repository (or any of the parent directories): .git
[ Auto git push START! ]

摩斧作針
PRESENTED BY _CYW_
2024-02-09-23:57:00
/Users/dasfef/Desktop/PJ_auto_git/auto_git.sh: line 18: ddiff: command not found
/Users/dasfef/Desktop/PJ_auto_git/auto_git.sh: line 28: 008: value too great for base (error token is "008")
fatal: not a git repository (or any of the parent directories): .git
fatal: not a git repository (or any of the parent directories): .git
fatal: not a git repository (or any of the parent directories): .git
[ Auto git push START! ]

摩斧作針
PRESENTED BY _CYW_
2024-02-09-23:58:00
/Users/dasfef/Desktop/PJ_auto_git/auto_git.sh: line 18: ddiff: command not found
/Users/dasfef/Desktop/PJ_auto_git/auto_git.sh: line 28: 008: value too great for base (error token is "008")
fatal: not a git repository (or any of the parent directories): .git
fatal: not a git repository (or any of the parent directories): .git
fatal: not a git repository (or any of the parent directories): .git
[ Auto git push START! ]

摩斧作針
PRESENTED BY _CYW_
2024-02-09-23:59:00
/Users/dasfef/Desktop/PJ_auto_git/auto_git.sh: line 18: ddiff: command not found
/Users/dasfef/Desktop/PJ_auto_git/auto_git.sh: line 28: 008: value too great for base (error token is "008")
fatal: not a git repository (or any of the parent directories): .git
fatal: not a git repository (or any of the parent directories): .git
fatal: not a git repository (or any of the parent directories): .git
[ Auto git push START! ]

摩斧作針
PRESENTED BY _CYW_
2024-02-10-00:00:00
/Users/dasfef/Desktop/PJ_auto_git/auto_git.sh: line 18: ddiff: command not found
/Users/dasfef/Desktop/PJ_auto_git/auto_git.sh: line 28: 008: value too great for base (error token is "008")
fatal: not a git repository (or any of the parent directories): .git
fatal: not a git repository (or any of the parent directories): .git
fatal: not a git repository (or any of the parent directories): .git
[ Auto git push START! ]

摩斧作針
PRESENTED BY _CYW_
2024-02-10-00:01:00
/Users/dasfef/Desktop/PJ_auto_git/auto_git.sh: line 18: ddiff: command not found
/Users/dasfef/Desktop/PJ_auto_git/auto_git.sh: line 28: 008: value too great for base (error token is "008")
fatal: not a git repository (or any of the parent directories): .git
fatal: not a git repository (or any of the parent directories): .git
fatal: not a git repository (or any of the parent directories): .git
[ Auto git push START! ]

摩斧作針
PRESENTED BY _CYW_
2024-02-10-00:02:00
/Users/dasfef/Desktop/PJ_auto_git/auto_git.sh: line 18: ddiff: command not found
/Users/dasfef/Desktop/PJ_auto_git/auto_git.sh: line 28: 10#LAST_NUM: value too great for base (error token is "10#LAST_NUM")
[main a165aba] AUTO GIT PUSHED | INDEX : AUTO GIT PUSHED COUNT | INDEX : 008 | DATE : 2024-02-10-00:02:00, DAY001
 4 files changed, 371 insertions(+), 2 deletions(-)
 create mode 100644 auto_git.log
fatal: could not read Username for 'https://github.com': Device not configured
[ Auto git push START! ]

摩斧作針
PRESENTED BY _CYW_
2024-02-10-00:03:01
/Users/dasfef/Desktop/PJ_auto_git/auto_git.sh: line 18: ddiff: command not found
/Users/dasfef/Desktop/PJ_auto_git/auto_git.sh: line 28: 10#LAST_NUM: value too great for base (error token is "10#LAST_NUM")
